<?xml version="1.0" encoding="UTF-8"?>
<!-- Generated by org.testng.reporters.JUnitXMLReporter -->
<testsuite ignored="0" hostname="Admin" failures="0" tests="4" name="Default test" time="0.774" errors="0" timestamp="2021-11-30T23:04:12 ICT">
  <testcase classname="com.java.utils.FormUtilsTest" name="getBeanTest" time="0.006"/>
  <testcase classname="com.java.utils.FormUtilsTest" name="getIntTest" time="0.002"/>
  <testcase classname="com.java.utils.FormUtilsTest" name="getStringTest_001" time="0.004"/>
  <testcase classname="com.java.utils.FormUtilsTest" name="getStringTest_002" time="0.003"/>
</testsuite> <!-- Default test -->
